INFO:werkzeug: * Running on http://127.0.0.1:5000 (Press CTRL+C to quit)
INFO:werkzeug:127.0.0.1 - - [16/Jun/2022 17:40:53] "GET /search/?s= HTTP/1.1" 200 -
INFO:werkzeug:127.0.0.1 - - [16/Jun/2022 17:40:53] "[36mGET /static/style.css HTTP/1.1[0m" 304 -
INFO:werkzeug:127.0.0.1 - - [16/Jun/2022 17:40:53] "[36mGET /uploads/images/16.jpg HTTP/1.1[0m" 304 -
INFO:werkzeug:127.0.0.1 - - [16/Jun/2022 17:40:53] "[36mGET /uploads/images/rc.jpg HTTP/1.1[0m" 304 -
INFO:werkzeug: * Running on http://127.0.0.1:5000 (Press CTRL+C to quit)
INFO:werkzeug:127.0.0.1 - - [16/Jun/2022 17:42:06] "GET / HTTP/1.1" 200 -
INFO:werkzeug:127.0.0.1 - - [16/Jun/2022 17:42:06] "[36mGET /static/style.css HTTP/1.1[0m" 304 -
ERROR:app:Exception on /search/ [GET]
Traceback (most recent call last):
  File "C:\Python310\lib\site-packages\flask\app.py", line 2077, in wsgi_app
    response = self.full_dispatch_request()
  File "C:\Python310\lib\site-packages\flask\app.py", line 1525, in full_dispatch_request
    rv = self.handle_user_exception(e)
  File "C:\Python310\lib\site-packages\flask\app.py", line 1523, in full_dispatch_request
    rv = self.dispatch_request()
  File "C:\Python310\lib\site-packages\flask\app.py", line 1509, in dispatch_request
    return self.ensure_sync(self.view_functions[rule.endpoint])(**req.view_args)
  File "C:\Python_work\lesson_12_homework\main\views.py", line 17, in search_page
    logging.INFO("œÓËÒÍ ÔÓÒÚÓ‚")
TypeError: 'int' object is not callable
INFO:werkzeug:127.0.0.1 - - [16/Jun/2022 17:42:07] "[35m[1mGET /search/?s= HTTP/1.1[0m" 500 -
INFO:werkzeug: * Running on http://127.0.0.1:5000 (Press CTRL+C to quit)
INFO:root:œÓËÒÍ ÔÓÒÚÓ‚
INFO:werkzeug:127.0.0.1 - - [16/Jun/2022 17:43:19] "GET /search/?s= HTTP/1.1" 200 -
INFO:werkzeug:127.0.0.1 - - [16/Jun/2022 17:43:19] "[36mGET /static/style.css HTTP/1.1[0m" 304 -
INFO:werkzeug:127.0.0.1 - - [16/Jun/2022 17:43:19] "[36mGET /uploads/images/rc.jpg HTTP/1.1[0m" 304 -
INFO:werkzeug:127.0.0.1 - - [16/Jun/2022 17:43:19] "[36mGET /uploads/images/16.jpg HTTP/1.1[0m" 304 -
INFO:werkzeug: * Running on http://127.0.0.1:5000 (Press CTRL+C to quit)
INFO:werkzeug:127.0.0.1 - - [16/Jun/2022 17:47:34] "GET / HTTP/1.1" 200 -
INFO:werkzeug:127.0.0.1 - - [16/Jun/2022 17:47:35] "[36mGET /static/style.css HTTP/1.1[0m" 304 -
INFO:root:œÓËÒÍ ÔÓÒÚÓ‚
INFO:werkzeug:127.0.0.1 - - [16/Jun/2022 17:47:35] "GET /search/?s= HTTP/1.1" 200 -
INFO:werkzeug:127.0.0.1 - - [16/Jun/2022 17:47:35] "[36mGET /static/style.css HTTP/1.1[0m" 304 -
INFO:werkzeug:127.0.0.1 - - [16/Jun/2022 17:47:35] "[36mGET /uploads/images/16.jpg HTTP/1.1[0m" 304 -
INFO:werkzeug:127.0.0.1 - - [16/Jun/2022 17:47:35] "[36mGET /uploads/images/rc.jpg HTTP/1.1[0m" 304 -
INFO:werkzeug:127.0.0.1 - - [16/Jun/2022 17:48:37] "GET / HTTP/1.1" 200 -
INFO:werkzeug:127.0.0.1 - - [16/Jun/2022 17:48:37] "[36mGET /static/style.css HTTP/1.1[0m" 304 -
INFO:root:œÓËÒÍ ÔÓÒÚÓ‚
INFO:werkzeug:127.0.0.1 - - [16/Jun/2022 17:48:38] "GET /search/?s= HTTP/1.1" 200 -
INFO:werkzeug:127.0.0.1 - - [16/Jun/2022 17:48:38] "[36mGET /static/style.css HTTP/1.1[0m" 304 -
INFO:werkzeug:127.0.0.1 - - [16/Jun/2022 17:48:38] "[36mGET /uploads/images/16.jpg HTTP/1.1[0m" 304 -
INFO:werkzeug:127.0.0.1 - - [16/Jun/2022 17:48:38] "[36mGET /uploads/images/rc.jpg HTTP/1.1[0m" 304 -
INFO:werkzeug: * Running on http://127.0.0.1:5000 (Press CTRL+C to quit)
INFO:werkzeug:127.0.0.1 - - [16/Jun/2022 17:49:47] "GET / HTTP/1.1" 200 -
INFO:werkzeug:127.0.0.1 - - [16/Jun/2022 17:49:47] "[36mGET /static/style.css HTTP/1.1[0m" 304 -
INFO:root:–ü–æ–∏—Å–∫ –ø–æ—Å—Ç–æ–≤
INFO:werkzeug:127.0.0.1 - - [16/Jun/2022 17:49:47] "GET /search/?s= HTTP/1.1" 200 -
INFO:werkzeug:127.0.0.1 - - [16/Jun/2022 17:49:47] "[36mGET /static/style.css HTTP/1.1[0m" 304 -
INFO:werkzeug:127.0.0.1 - - [16/Jun/2022 17:49:47] "[36mGET /uploads/images/rc.jpg HTTP/1.1[0m" 304 -
INFO:werkzeug:127.0.0.1 - - [16/Jun/2022 17:49:47] "[36mGET /uploads/images/16.jpg HTTP/1.1[0m" 304 -
INFO:werkzeug: * Running on http://127.0.0.1:5000 (Press CTRL+C to quit)
INFO:werkzeug: * Running on http://127.0.0.1:5000 (Press CTRL+C to quit)
INFO:werkzeug:127.0.0.1 - - [16/Jun/2022 17:51:46] "GET / HTTP/1.1" 200 -
INFO:werkzeug:127.0.0.1 - - [16/Jun/2022 17:51:46] "[36mGET /static/style.css HTTP/1.1[0m" 304 -
INFO:root:–ü–æ–∏—Å–∫ –ø–æ—Å—Ç–æ–≤
ERROR:root:–§–∞–π–ª –Ω–µ –Ω–∞–π–¥–µ–Ω
INFO:werkzeug:127.0.0.1 - - [16/Jun/2022 17:51:47] "GET /search/?s= HTTP/1.1" 200 -
INFO:werkzeug:127.0.0.1 - - [16/Jun/2022 17:52:03] "GET /post HTTP/1.1" 200 -
INFO:werkzeug:127.0.0.1 - - [16/Jun/2022 17:52:03] "[36mGET /static/style.css HTTP/1.1[0m" 304 -
ERROR:app:Exception on /post [POST]
Traceback (most recent call last):
  File "C:\Python_work\lesson_12_homework\loader\views.py", line 24, in page_loader_post
    write_post(f'../uploads/images/{picture.filename}', content)
  File "C:\Python_work\lesson_12_homework\functions.py", line 27, in write_post
    file = load_json(filename)
  File "C:\Python_work\lesson_12_homework\functions.py", line 10, in load_json
    with open(filename, encoding="utf-8") as file:
FileNotFoundError: [Errno 2] No such file or directory: 'posts1.json'

During handling of the above exception, another exception occurred:

Traceback (most recent call last):
  File "C:\Python310\lib\site-packages\flask\app.py", line 2077, in wsgi_app
    response = self.full_dispatch_request()
  File "C:\Python310\lib\site-packages\flask\app.py", line 1525, in full_dispatch_request
    rv = self.handle_user_exception(e)
  File "C:\Python310\lib\site-packages\flask\app.py", line 1523, in full_dispatch_request
    rv = self.dispatch_request()
  File "C:\Python310\lib\site-packages\flask\app.py", line 1509, in dispatch_request
    return self.ensure_sync(self.view_functions[rule.endpoint])(**req.view_args)
  File "C:\Python_work\lesson_12_homework\loader\views.py", line 26, in page_loader_post
    logging.error('–§–∞–π–ª –Ω–µ –Ω–∞–π–¥–µ–Ω')
AttributeError: module 'flask.logging' has no attribute 'error'
INFO:werkzeug:127.0.0.1 - - [16/Jun/2022 17:52:10] "[35m[1mPOST /post HTTP/1.1[0m" 500 -
INFO:werkzeug: * Running on http://127.0.0.1:5000 (Press CTRL+C to quit)
ERROR:root:–§–∞–π–ª –Ω–µ –Ω–∞–π–¥–µ–Ω
INFO:werkzeug:127.0.0.1 - - [16/Jun/2022 17:53:26] "POST /post HTTP/1.1" 200 -
INFO:werkzeug:127.0.0.1 - - [16/Jun/2022 17:53:41] "GET /post HTTP/1.1" 200 -
INFO:werkzeug: * Running on http://127.0.0.1:5000 (Press CTRL+C to quit)
INFO:root:–ó–∞–≥—Ä—É–∂–∞–µ–º—ã–π —Ñ–∞–π–ª –Ω–µ –∫–∞—Ä—Ç–∏–Ω–∫–∞
INFO:werkzeug:127.0.0.1 - - [16/Jun/2022 17:55:50] "POST /post HTTP/1.1" 200 -
INFO:werkzeug:127.0.0.1 - - [16/Jun/2022 17:55:59] "GET /post HTTP/1.1" 200 -
INFO:werkzeug: * Running on http://127.0.0.1:5000 (Press CTRL+C to quit)
INFO:werkzeug: * Running on http://127.0.0.1:5000 (Press CTRL+C to quit)
INFO:werkzeug:127.0.0.1 - - [16/Jun/2022 17:57:31] "POST /post HTTP/1.1" 200 -
INFO:werkzeug:127.0.0.1 - - [16/Jun/2022 17:57:31] "[36mGET /static/style.css HTTP/1.1[0m" 304 -
INFO:werkzeug:127.0.0.1 - - [16/Jun/2022 17:57:31] "GET /uploads/images/16.jpg HTTP/1.1" 200 -
INFO:werkzeug:127.0.0.1 - - [16/Jun/2022 17:57:34] "GET / HTTP/1.1" 200 -
INFO:werkzeug:127.0.0.1 - - [16/Jun/2022 17:57:34] "[36mGET /static/style.css HTTP/1.1[0m" 304 -
INFO:werkzeug:127.0.0.1 - - [16/Jun/2022 17:57:39] "[32mGET /search?s=–¥–µ–Ω—å HTTP/1.1[0m" 308 -
INFO:root:–ü–æ–∏—Å–∫ –ø–æ—Å—Ç–æ–≤
INFO:werkzeug:127.0.0.1 - - [16/Jun/2022 17:57:39] "GET /search/?s=–¥–µ–Ω—å HTTP/1.1" 200 -
INFO:werkzeug:127.0.0.1 - - [16/Jun/2022 17:57:39] "[36mGET /static/style.css HTTP/1.1[0m" 304 -
INFO:werkzeug:127.0.0.1 - - [16/Jun/2022 17:57:39] "[36mGET /uploads/images/16.jpg HTTP/1.1[0m" 304 -
INFO:werkzeug:127.0.0.1 - - [16/Jun/2022 17:59:25] "GET / HTTP/1.1" 200 -
INFO:werkzeug:127.0.0.1 - - [16/Jun/2022 17:59:25] "[36mGET /static/style.css HTTP/1.1[0m" 304 -
INFO:werkzeug:127.0.0.1 - - [16/Jun/2022 17:59:25] "GET /post HTTP/1.1" 200 -
INFO:werkzeug:127.0.0.1 - - [16/Jun/2022 17:59:25] "[36mGET /static/style.css HTTP/1.1[0m" 304 -
INFO:werkzeug: * Running on http://127.0.0.1:5000 (Press CTRL+C to quit)
INFO:werkzeug: * Running on http://127.0.0.1:5000 (Press CTRL+C to quit)
INFO:werkzeug:127.0.0.1 - - [16/Jun/2022 18:02:59] "POST /post HTTP/1.1" 200 -
INFO:werkzeug:127.0.0.1 - - [16/Jun/2022 18:03:00] "[36mGET /static/style.css HTTP/1.1[0m" 304 -
INFO:werkzeug:127.0.0.1 - - [16/Jun/2022 18:03:00] "GET /uploads/images/148.jpg HTTP/1.1" 200 -
INFO:werkzeug:127.0.0.1 - - [16/Jun/2022 18:03:03] "GET / HTTP/1.1" 200 -
INFO:werkzeug:127.0.0.1 - - [16/Jun/2022 18:03:03] "[36mGET /static/style.css HTTP/1.1[0m" 304 -
INFO:root:–ü–æ–∏—Å–∫ –ø–æ—Å—Ç–æ–≤
INFO:werkzeug:127.0.0.1 - - [16/Jun/2022 18:03:07] "GET /search/?s=–¥–µ–Ω—å HTTP/1.1" 200 -
INFO:werkzeug:127.0.0.1 - - [16/Jun/2022 18:03:07] "[36mGET /static/style.css HTTP/1.1[0m" 304 -
INFO:werkzeug:127.0.0.1 - - [16/Jun/2022 18:03:07] "[36mGET /uploads/images/148.jpg HTTP/1.1[0m" 304 -
INFO:werkzeug:127.0.0.1 - - [16/Jun/2022 18:03:07] "[36mGET /uploads/images/16.jpg HTTP/1.1[0m" 304 -
INFO:werkzeug:127.0.0.1 - - [16/Jun/2022 18:03:50] "GET /post HTTP/1.1" 200 -
INFO:werkzeug:127.0.0.1 - - [16/Jun/2022 18:03:50] "[36mGET /static/style.css HTTP/1.1[0m" 304 -
INFO:werkzeug:127.0.0.1 - - [16/Jun/2022 18:03:52] "GET / HTTP/1.1" 200 -
INFO:werkzeug:127.0.0.1 - - [16/Jun/2022 18:03:52] "[36mGET /static/style.css HTTP/1.1[0m" 304 -
INFO:root:–ü–æ–∏—Å–∫ –ø–æ—Å—Ç–æ–≤
INFO:werkzeug:127.0.0.1 - - [16/Jun/2022 18:03:56] "GET /search/?s= HTTP/1.1" 200 -
INFO:werkzeug:127.0.0.1 - - [16/Jun/2022 18:03:56] "[36mGET /static/style.css HTTP/1.1[0m" 304 -
INFO:werkzeug:127.0.0.1 - - [16/Jun/2022 18:03:56] "[36mGET /uploads/images/16.jpg HTTP/1.1[0m" 304 -
INFO:werkzeug:127.0.0.1 - - [16/Jun/2022 18:03:56] "[36mGET /uploads/images/148.jpg HTTP/1.1[0m" 304 -
INFO:werkzeug:127.0.0.1 - - [16/Jun/2022 18:03:57] "GET / HTTP/1.1" 200 -
INFO:werkzeug:127.0.0.1 - - [16/Jun/2022 18:03:57] "[36mGET /static/style.css HTTP/1.1[0m" 304 -
INFO:werkzeug:127.0.0.1 - - [16/Jun/2022 18:03:59] "GET /post HTTP/1.1" 200 -
INFO:werkzeug:127.0.0.1 - - [16/Jun/2022 18:03:59] "[36mGET /static/style.css HTTP/1.1[0m" 304 -
INFO:werkzeug:127.0.0.1 - - [16/Jun/2022 18:04:00] "GET / HTTP/1.1" 200 -
INFO:werkzeug:127.0.0.1 - - [16/Jun/2022 18:04:00] "[36mGET /static/style.css HTTP/1.1[0m" 304 -
INFO:werkzeug: * Running on http://127.0.0.1:5000 (Press CTRL+C to quit)
INFO:werkzeug:127.0.0.1 - - [16/Jun/2022 18:10:55] "GET / HTTP/1.1" 200 -
INFO:werkzeug:127.0.0.1 - - [16/Jun/2022 18:10:55] "[36mGET /static/style.css HTTP/1.1[0m" 304 -
INFO:werkzeug:127.0.0.1 - - [16/Jun/2022 18:10:58] "GET / HTTP/1.1" 200 -
INFO:werkzeug:127.0.0.1 - - [16/Jun/2022 18:10:58] "[36mGET /static/style.css HTTP/1.1[0m" 304 -
INFO:werkzeug: * Running on http://127.0.0.1:5000 (Press CTRL+C to quit)
INFO:werkzeug: * Running on http://127.0.0.1:5000 (Press CTRL+C to quit)
INFO:werkzeug:127.0.0.1 - - [17/Jun/2022 08:40:28] "GET / HTTP/1.1" 200 -
INFO:werkzeug:127.0.0.1 - - [17/Jun/2022 08:40:29] "[36mGET /static/style.css HTTP/1.1[0m" 304 -
INFO:werkzeug:127.0.0.1 - - [17/Jun/2022 08:40:30] "[33mGET /favicon.ico HTTP/1.1[0m" 404 -
INFO:root:–ü–æ–∏—Å–∫ –ø–æ—Å—Ç–æ–≤
INFO:werkzeug:127.0.0.1 - - [17/Jun/2022 08:40:32] "GET /search/?s= HTTP/1.1" 200 -
INFO:werkzeug:127.0.0.1 - - [17/Jun/2022 08:40:32] "[36mGET /static/style.css HTTP/1.1[0m" 304 -
INFO:werkzeug:127.0.0.1 - - [17/Jun/2022 08:40:32] "[36mGET /uploads/images/16.jpg HTTP/1.1[0m" 304 -
INFO:werkzeug:127.0.0.1 - - [17/Jun/2022 08:40:32] "[36mGET /uploads/images/148.jpg HTTP/1.1[0m" 304 -
INFO:werkzeug:127.0.0.1 - - [17/Jun/2022 08:40:40] "GET / HTTP/1.1" 200 -
INFO:werkzeug:127.0.0.1 - - [17/Jun/2022 08:40:40] "[36mGET /static/style.css HTTP/1.1[0m" 304 -
INFO:werkzeug:127.0.0.1 - - [17/Jun/2022 08:40:42] "GET /post HTTP/1.1" 200 -
INFO:werkzeug:127.0.0.1 - - [17/Jun/2022 08:40:42] "[36mGET /static/style.css HTTP/1.1[0m" 304 -
ERROR:app:Exception on /post [POST]
Traceback (most recent call last):
  File "C:\Python310\lib\site-packages\flask\app.py", line 2077, in wsgi_app
    response = self.full_dispatch_request()
  File "C:\Python310\lib\site-packages\flask\app.py", line 1525, in full_dispatch_request
    rv = self.handle_user_exception(e)
  File "C:\Python310\lib\site-packages\flask\app.py", line 1523, in full_dispatch_request
    rv = self.dispatch_request()
  File "C:\Python310\lib\site-packages\flask\app.py", line 1509, in dispatch_request
    return self.ensure_sync(self.view_functions[rule.endpoint])(**req.view_args)
  File "C:\Python_work\lesson_12_homework\loader\views.py", line 26, in page_loader_post
    path = saved_picture(picture)
  File "C:\Python_work\lesson_12_homework\functions.py", line 36, in saved_picture
    path = os.path({name_picture})
TypeError: 'module' object is not callable
INFO:werkzeug:127.0.0.1 - - [17/Jun/2022 08:41:01] "[35m[1mPOST /post HTTP/1.1[0m" 500 -
INFO:werkzeug: * Running on http://127.0.0.1:5000 (Press CTRL+C to quit)
ERROR:app:Exception on /post [POST]
Traceback (most recent call last):
  File "C:\Python310\lib\site-packages\flask\app.py", line 2077, in wsgi_app
    response = self.full_dispatch_request()
  File "C:\Python310\lib\site-packages\flask\app.py", line 1525, in full_dispatch_request
    rv = self.handle_user_exception(e)
  File "C:\Python310\lib\site-packages\flask\app.py", line 1523, in full_dispatch_request
    rv = self.dispatch_request()
  File "C:\Python310\lib\site-packages\flask\app.py", line 1509, in dispatch_request
    return self.ensure_sync(self.view_functions[rule.endpoint])(**req.view_args)
  File "C:\Python_work\lesson_12_homework\loader\views.py", line 26, in page_loader_post
    path = saved_picture(picture)
  File "C:\Python_work\lesson_12_homework\functions.py", line 36, in saved_picture
    path = os.path(name_picture)
TypeError: 'module' object is not callable
INFO:werkzeug:127.0.0.1 - - [17/Jun/2022 08:41:46] "[35m[1mPOST /post HTTP/1.1[0m" 500 -
INFO:werkzeug: * Running on http://127.0.0.1:5000 (Press CTRL+C to quit)
INFO:werkzeug:127.0.0.1 - - [17/Jun/2022 08:45:44] "POST /post HTTP/1.1" 200 -
INFO:werkzeug:127.0.0.1 - - [17/Jun/2022 08:45:44] "[36mGET /static/style.css HTTP/1.1[0m" 304 -
INFO:werkzeug: * Running on http://127.0.0.1:5000 (Press CTRL+C to quit)
INFO:werkzeug:127.0.0.1 - - [17/Jun/2022 08:46:47] "POST /post HTTP/1.1" 200 -
INFO:werkzeug:127.0.0.1 - - [17/Jun/2022 08:46:47] "[36mGET /static/style.css HTTP/1.1[0m" 304 -
INFO:werkzeug: * Running on http://127.0.0.1:5000 (Press CTRL+C to quit)
INFO:werkzeug:127.0.0.1 - - [17/Jun/2022 08:50:11] "GET /post HTTP/1.1" 200 -
INFO:werkzeug:127.0.0.1 - - [17/Jun/2022 08:50:11] "[36mGET /static/style.css HTTP/1.1[0m" 304 -
INFO:werkzeug:127.0.0.1 - - [17/Jun/2022 08:50:18] "POST /post HTTP/1.1" 200 -
INFO:werkzeug:127.0.0.1 - - [17/Jun/2022 08:50:18] "[36mGET /static/style.css HTTP/1.1[0m" 304 -
INFO:werkzeug:127.0.0.1 - - [17/Jun/2022 08:50:18] "[33mGET /None HTTP/1.1[0m" 404 -
INFO:werkzeug: * Running on http://127.0.0.1:5000 (Press CTRL+C to quit)
INFO:werkzeug:127.0.0.1 - - [17/Jun/2022 08:51:20] "GET /post HTTP/1.1" 200 -
INFO:werkzeug:127.0.0.1 - - [17/Jun/2022 08:51:20] "[36mGET /static/style.css HTTP/1.1[0m" 304 -
INFO:werkzeug:127.0.0.1 - - [17/Jun/2022 08:51:26] "POST /post HTTP/1.1" 200 -
INFO:werkzeug:127.0.0.1 - - [17/Jun/2022 08:51:26] "[36mGET /static/style.css HTTP/1.1[0m" 304 -
INFO:werkzeug:127.0.0.1 - - [17/Jun/2022 08:51:26] "GET /uploads/images/rc.jpg HTTP/1.1" 200 -
INFO:werkzeug:127.0.0.1 - - [17/Jun/2022 08:51:28] "GET / HTTP/1.1" 200 -
INFO:werkzeug:127.0.0.1 - - [17/Jun/2022 08:51:28] "[36mGET /static/style.css HTTP/1.1[0m" 304 -
INFO:root:–ü–æ–∏—Å–∫ –ø–æ—Å—Ç–æ–≤
INFO:werkzeug:127.0.0.1 - - [17/Jun/2022 08:51:28] "GET /search/?s= HTTP/1.1" 200 -
INFO:werkzeug:127.0.0.1 - - [17/Jun/2022 08:51:28] "[36mGET /static/style.css HTTP/1.1[0m" 304 -
INFO:werkzeug:127.0.0.1 - - [17/Jun/2022 08:51:28] "[33mGET /search/None HTTP/1.1[0m" 404 -
INFO:werkzeug:127.0.0.1 - - [17/Jun/2022 08:51:28] "[33mGET /search/uploads/images/rc.jpg HTTP/1.1[0m" 404 -
INFO:werkzeug:127.0.0.1 - - [17/Jun/2022 08:51:28] "[36mGET /uploads/images/16.jpg HTTP/1.1[0m" 304 -
INFO:werkzeug:127.0.0.1 - - [17/Jun/2022 08:51:28] "[36mGET /uploads/images/148.jpg HTTP/1.1[0m" 304 -
INFO:werkzeug:127.0.0.1 - - [17/Jun/2022 08:51:36] "GET / HTTP/1.1" 200 -
INFO:werkzeug:127.0.0.1 - - [17/Jun/2022 08:51:36] "[36mGET /static/style.css HTTP/1.1[0m" 304 -
INFO:werkzeug: * Running on http://127.0.0.1:5000 (Press CTRL+C to quit)
INFO:root:–ü–æ–∏—Å–∫ –ø–æ—Å—Ç–æ–≤
INFO:werkzeug:127.0.0.1 - - [17/Jun/2022 08:53:01] "GET /search/?s= HTTP/1.1" 200 -
INFO:werkzeug:127.0.0.1 - - [17/Jun/2022 08:53:01] "[33mGET /search/None HTTP/1.1[0m" 404 -
INFO:werkzeug:127.0.0.1 - - [17/Jun/2022 08:53:01] "[33mGET /search/uploads/images/rc.jpg HTTP/1.1[0m" 404 -
INFO:werkzeug:127.0.0.1 - - [17/Jun/2022 08:53:01] "[36mGET /static/style.css HTTP/1.1[0m" 304 -
INFO:werkzeug:127.0.0.1 - - [17/Jun/2022 08:53:01] "[36mGET /uploads/images/148.jpg HTTP/1.1[0m" 304 -
INFO:werkzeug:127.0.0.1 - - [17/Jun/2022 08:53:01] "[36mGET /uploads/images/16.jpg HTTP/1.1[0m" 304 -
INFO:werkzeug:127.0.0.1 - - [17/Jun/2022 08:53:05] "GET / HTTP/1.1" 200 -
INFO:werkzeug:127.0.0.1 - - [17/Jun/2022 08:53:05] "[36mGET /static/style.css HTTP/1.1[0m" 304 -
INFO:werkzeug:127.0.0.1 - - [17/Jun/2022 08:53:06] "GET /post HTTP/1.1" 200 -
INFO:werkzeug:127.0.0.1 - - [17/Jun/2022 08:53:06] "[36mGET /static/style.css HTTP/1.1[0m" 304 -
INFO:werkzeug:127.0.0.1 - - [17/Jun/2022 08:53:12] "POST /post HTTP/1.1" 200 -
INFO:werkzeug:127.0.0.1 - - [17/Jun/2022 08:53:12] "[36mGET /static/style.css HTTP/1.1[0m" 304 -
INFO:werkzeug:127.0.0.1 - - [17/Jun/2022 08:53:12] "GET /uploads/images/16.jpg HTTP/1.1" 200 -
INFO:werkzeug:127.0.0.1 - - [17/Jun/2022 08:53:15] "GET / HTTP/1.1" 200 -
INFO:werkzeug:127.0.0.1 - - [17/Jun/2022 08:53:15] "[36mGET /static/style.css HTTP/1.1[0m" 304 -
INFO:root:–ü–æ–∏—Å–∫ –ø–æ—Å—Ç–æ–≤
INFO:werkzeug:127.0.0.1 - - [17/Jun/2022 08:53:17] "GET /search/?s=111 HTTP/1.1" 200 -
INFO:werkzeug:127.0.0.1 - - [17/Jun/2022 08:53:17] "[36mGET /static/style.css HTTP/1.1[0m" 304 -
INFO:werkzeug:127.0.0.1 - - [17/Jun/2022 08:53:39] "GET / HTTP/1.1" 200 -
INFO:werkzeug:127.0.0.1 - - [17/Jun/2022 08:53:39] "[36mGET /static/style.css HTTP/1.1[0m" 304 -
INFO:werkzeug:127.0.0.1 - - [17/Jun/2022 08:53:39] "GET /post HTTP/1.1" 200 -
INFO:werkzeug:127.0.0.1 - - [17/Jun/2022 08:53:39] "[36mGET /static/style.css HTTP/1.1[0m" 304 -
INFO:werkzeug:127.0.0.1 - - [17/Jun/2022 08:53:45] "POST /post HTTP/1.1" 200 -
INFO:werkzeug:127.0.0.1 - - [17/Jun/2022 08:53:45] "[36mGET /static/style.css HTTP/1.1[0m" 304 -
INFO:werkzeug:127.0.0.1 - - [17/Jun/2022 08:53:45] "GET /uploads/images/148.jpg HTTP/1.1" 200 -
INFO:werkzeug: * Running on http://127.0.0.1:5000 (Press CTRL+C to quit)
INFO:werkzeug:127.0.0.1 - - [17/Jun/2022 08:55:21] "GET / HTTP/1.1" 200 -
INFO:werkzeug:127.0.0.1 - - [17/Jun/2022 08:55:21] "[36mGET /static/style.css HTTP/1.1[0m" 304 -
INFO:werkzeug:127.0.0.1 - - [17/Jun/2022 08:55:22] "GET /post HTTP/1.1" 200 -
INFO:werkzeug:127.0.0.1 - - [17/Jun/2022 08:55:22] "[36mGET /static/style.css HTTP/1.1[0m" 304 -
INFO:werkzeug:127.0.0.1 - - [17/Jun/2022 08:55:27] "POST /post HTTP/1.1" 200 -
INFO:werkzeug:127.0.0.1 - - [17/Jun/2022 08:55:27] "[36mGET /static/style.css HTTP/1.1[0m" 304 -
INFO:werkzeug:127.0.0.1 - - [17/Jun/2022 08:55:27] "[33mGET /images/148.jpg HTTP/1.1[0m" 404 -
INFO:werkzeug:127.0.0.1 - - [17/Jun/2022 08:55:37] "GET / HTTP/1.1" 200 -
INFO:werkzeug:127.0.0.1 - - [17/Jun/2022 08:55:37] "[36mGET /static/style.css HTTP/1.1[0m" 304 -
INFO:werkzeug:127.0.0.1 - - [17/Jun/2022 08:55:40] "[32mGET /search?s=123 HTTP/1.1[0m" 308 -
INFO:root:–ü–æ–∏—Å–∫ –ø–æ—Å—Ç–æ–≤
INFO:werkzeug:127.0.0.1 - - [17/Jun/2022 08:55:40] "GET /search/?s=123 HTTP/1.1" 200 -
INFO:werkzeug:127.0.0.1 - - [17/Jun/2022 08:55:40] "[36mGET /static/style.css HTTP/1.1[0m" 304 -
INFO:werkzeug:127.0.0.1 - - [17/Jun/2022 08:55:40] "[36mGET /uploads/images/16.jpg HTTP/1.1[0m" 304 -
INFO:werkzeug:127.0.0.1 - - [17/Jun/2022 08:55:40] "GET /uploads/images/148.jpg HTTP/1.1" 200 -
INFO:werkzeug:127.0.0.1 - - [17/Jun/2022 08:55:48] "GET / HTTP/1.1" 200 -
INFO:werkzeug:127.0.0.1 - - [17/Jun/2022 08:55:48] "[36mGET /static/style.css HTTP/1.1[0m" 304 -
INFO:werkzeug: * Running on http://127.0.0.1:5000 (Press CTRL+C to quit)
INFO:werkzeug:127.0.0.1 - - [17/Jun/2022 08:57:05] "GET /post HTTP/1.1" 200 -
INFO:werkzeug:127.0.0.1 - - [17/Jun/2022 08:57:05] "[36mGET /static/style.css HTTP/1.1[0m" 304 -
INFO:werkzeug:127.0.0.1 - - [17/Jun/2022 08:57:10] "POST /post HTTP/1.1" 200 -
INFO:werkzeug:127.0.0.1 - - [17/Jun/2022 08:57:10] "[36mGET /static/style.css HTTP/1.1[0m" 304 -
INFO:werkzeug:127.0.0.1 - - [17/Jun/2022 08:57:10] "GET /uploads/images/148.jpg HTTP/1.1" 200 -
INFO:werkzeug:127.0.0.1 - - [17/Jun/2022 08:57:12] "GET / HTTP/1.1" 200 -
INFO:werkzeug:127.0.0.1 - - [17/Jun/2022 08:57:12] "[36mGET /static/style.css HTTP/1.1[0m" 304 -
INFO:root:–ü–æ–∏—Å–∫ –ø–æ—Å—Ç–æ–≤
INFO:werkzeug:127.0.0.1 - - [17/Jun/2022 08:57:15] "GET /search/?s=123 HTTP/1.1" 200 -
INFO:werkzeug:127.0.0.1 - - [17/Jun/2022 08:57:15] "[36mGET /static/style.css HTTP/1.1[0m" 304 -
INFO:werkzeug:127.0.0.1 - - [17/Jun/2022 08:57:15] "[36mGET /uploads/images/148.jpg HTTP/1.1[0m" 304 -
INFO:werkzeug:127.0.0.1 - - [17/Jun/2022 08:57:18] "GET / HTTP/1.1" 200 -
INFO:werkzeug:127.0.0.1 - - [17/Jun/2022 08:57:18] "[36mGET /static/style.css HTTP/1.1[0m" 304 -
INFO:werkzeug: * Running on http://127.0.0.1:5000 (Press CTRL+C to quit)
INFO:werkzeug:127.0.0.1 - - [17/Jun/2022 08:57:59] "GET /post HTTP/1.1" 200 -
INFO:werkzeug:127.0.0.1 - - [17/Jun/2022 08:58:00] "[36mGET /static/style.css HTTP/1.1[0m" 304 -
ERROR:root:–§–∞–π–ª –Ω–µ –Ω–∞–π–¥–µ–Ω
INFO:werkzeug:127.0.0.1 - - [17/Jun/2022 08:58:05] "POST /post HTTP/1.1" 200 -
INFO:werkzeug: * Running on http://127.0.0.1:5000 (Press CTRL+C to quit)
ERROR:root:–§–∞–π–ª –Ω–µ –Ω–∞–π–¥–µ–Ω
INFO:werkzeug:127.0.0.1 - - [17/Jun/2022 08:58:50] "POST /post HTTP/1.1" 200 -
INFO:werkzeug: * Running on http://127.0.0.1:5000 (Press CTRL+C to quit)
INFO:werkzeug:127.0.0.1 - - [17/Jun/2022 08:59:08] "POST /post HTTP/1.1" 200 -
INFO:werkzeug:127.0.0.1 - - [17/Jun/2022 08:59:08] "[36mGET /static/style.css HTTP/1.1[0m" 304 -
INFO:werkzeug:127.0.0.1 - - [17/Jun/2022 08:59:08] "GET /uploads/images/148.jpg HTTP/1.1" 200 -
INFO:werkzeug:127.0.0.1 - - [17/Jun/2022 08:59:10] "GET / HTTP/1.1" 200 -
INFO:werkzeug:127.0.0.1 - - [17/Jun/2022 08:59:10] "[36mGET /static/style.css HTTP/1.1[0m" 304 -
INFO:root:–ü–æ–∏—Å–∫ –ø–æ—Å—Ç–æ–≤
INFO:werkzeug:127.0.0.1 - - [17/Jun/2022 08:59:12] "GET /search/?s=123 HTTP/1.1" 200 -
INFO:werkzeug:127.0.0.1 - - [17/Jun/2022 08:59:13] "[36mGET /static/style.css HTTP/1.1[0m" 304 -
INFO:werkzeug:127.0.0.1 - - [17/Jun/2022 08:59:13] "[33mGET /search/uploads/images/148.jpg HTTP/1.1[0m" 404 -
INFO:werkzeug:127.0.0.1 - - [17/Jun/2022 08:59:13] "[36mGET /uploads/images/148.jpg HTTP/1.1[0m" 304 -
INFO:werkzeug: * Running on http://127.0.0.1:5000 (Press CTRL+C to quit)
INFO:werkzeug:127.0.0.1 - - [17/Jun/2022 09:00:15] "GET / HTTP/1.1" 200 -
INFO:werkzeug:127.0.0.1 - - [17/Jun/2022 09:00:15] "[36mGET /static/style.css HTTP/1.1[0m" 304 -
INFO:werkzeug:127.0.0.1 - - [17/Jun/2022 09:00:18] "GET /post HTTP/1.1" 200 -
INFO:werkzeug:127.0.0.1 - - [17/Jun/2022 09:00:18] "[36mGET /static/style.css HTTP/1.1[0m" 304 -
INFO:werkzeug:127.0.0.1 - - [17/Jun/2022 09:00:23] "POST /post HTTP/1.1" 200 -
INFO:werkzeug:127.0.0.1 - - [17/Jun/2022 09:00:23] "[36mGET /static/style.css HTTP/1.1[0m" 304 -
INFO:werkzeug:127.0.0.1 - - [17/Jun/2022 09:00:23] "GET /uploads/images/148.jpg HTTP/1.1" 200 -
INFO:werkzeug:127.0.0.1 - - [17/Jun/2022 09:00:25] "GET / HTTP/1.1" 200 -
INFO:werkzeug:127.0.0.1 - - [17/Jun/2022 09:00:25] "[36mGET /static/style.css HTTP/1.1[0m" 304 -
INFO:root:–ü–æ–∏—Å–∫ –ø–æ—Å—Ç–æ–≤
INFO:werkzeug:127.0.0.1 - - [17/Jun/2022 09:00:28] "GET /search/?s=123 HTTP/1.1" 200 -
INFO:werkzeug:127.0.0.1 - - [17/Jun/2022 09:00:28] "[36mGET /static/style.css HTTP/1.1[0m" 304 -
INFO:werkzeug:127.0.0.1 - - [17/Jun/2022 09:00:28] "[33mGET /search/uploads/images/148.jpg HTTP/1.1[0m" 404 -
INFO:werkzeug:127.0.0.1 - - [17/Jun/2022 09:00:28] "[36mGET /uploads/images/148.jpg HTTP/1.1[0m" 304 -
INFO:werkzeug: * Running on http://127.0.0.1:5000 (Press CTRL+C to quit)
INFO:werkzeug:127.0.0.1 - - [17/Jun/2022 09:03:53] "GET / HTTP/1.1" 200 -
INFO:werkzeug:127.0.0.1 - - [17/Jun/2022 09:03:53] "[36mGET /static/style.css HTTP/1.1[0m" 304 -
INFO:root:–ü–æ–∏—Å–∫ –ø–æ—Å—Ç–æ–≤
INFO:werkzeug:127.0.0.1 - - [17/Jun/2022 09:03:56] "GET /search/?s= HTTP/1.1" 200 -
INFO:werkzeug:127.0.0.1 - - [17/Jun/2022 09:03:56] "[36mGET /static/style.css HTTP/1.1[0m" 304 -
INFO:werkzeug:127.0.0.1 - - [17/Jun/2022 09:04:01] "GET / HTTP/1.1" 200 -
INFO:werkzeug:127.0.0.1 - - [17/Jun/2022 09:04:01] "[36mGET /static/style.css HTTP/1.1[0m" 304 -
INFO:werkzeug:127.0.0.1 - - [17/Jun/2022 09:04:02] "GET /post HTTP/1.1" 200 -
INFO:werkzeug:127.0.0.1 - - [17/Jun/2022 09:04:02] "[36mGET /static/style.css HTTP/1.1[0m" 304 -
INFO:werkzeug:127.0.0.1 - - [17/Jun/2022 09:04:28] "POST /post HTTP/1.1" 200 -
INFO:werkzeug:127.0.0.1 - - [17/Jun/2022 09:04:29] "[36mGET /static/style.css HTTP/1.1[0m" 304 -
INFO:werkzeug:127.0.0.1 - - [17/Jun/2022 09:04:29] "GET /uploads/images/148.jpg HTTP/1.1" 200 -
INFO:werkzeug:127.0.0.1 - - [17/Jun/2022 09:04:31] "GET / HTTP/1.1" 200 -
INFO:werkzeug:127.0.0.1 - - [17/Jun/2022 09:04:31] "[36mGET /static/style.css HTTP/1.1[0m" 304 -
INFO:werkzeug:127.0.0.1 - - [17/Jun/2022 09:04:44] "[32mGET /search?s=–î–µ–Ω—å HTTP/1.1[0m" 308 -
INFO:root:–ü–æ–∏—Å–∫ –ø–æ—Å—Ç–æ–≤
INFO:werkzeug:127.0.0.1 - - [17/Jun/2022 09:04:44] "GET /search/?s=–î–µ–Ω—å HTTP/1.1" 200 -
INFO:werkzeug:127.0.0.1 - - [17/Jun/2022 09:04:44] "[36mGET /static/style.css HTTP/1.1[0m" 304 -
INFO:werkzeug:127.0.0.1 - - [17/Jun/2022 09:04:44] "[36mGET /uploads/images/148.jpg HTTP/1.1[0m" 304 -
INFO:werkzeug:127.0.0.1 - - [17/Jun/2022 09:05:05] "GET /post HTTP/1.1" 200 -
INFO:werkzeug:127.0.0.1 - - [17/Jun/2022 09:05:05] "[36mGET /static/style.css HTTP/1.1[0m" 304 -
INFO:werkzeug:127.0.0.1 - - [17/Jun/2022 09:05:20] "POST /post HTTP/1.1" 200 -
INFO:werkzeug:127.0.0.1 - - [17/Jun/2022 09:05:20] "[36mGET /static/style.css HTTP/1.1[0m" 304 -
INFO:werkzeug:127.0.0.1 - - [17/Jun/2022 09:05:20] "GET /uploads/images/16.jpg HTTP/1.1" 200 -
INFO:werkzeug:127.0.0.1 - - [17/Jun/2022 09:05:23] "GET / HTTP/1.1" 200 -
INFO:werkzeug:127.0.0.1 - - [17/Jun/2022 09:05:23] "[36mGET /static/style.css HTTP/1.1[0m" 304 -
INFO:root:–ü–æ–∏—Å–∫ –ø–æ—Å—Ç–æ–≤
INFO:werkzeug:127.0.0.1 - - [17/Jun/2022 09:05:24] "GET /search/?s= HTTP/1.1" 200 -
INFO:werkzeug:127.0.0.1 - - [17/Jun/2022 09:05:24] "[36mGET /static/style.css HTTP/1.1[0m" 304 -
INFO:werkzeug:127.0.0.1 - - [17/Jun/2022 09:05:24] "[36mGET /uploads/images/148.jpg HTTP/1.1[0m" 304 -
INFO:werkzeug:127.0.0.1 - - [17/Jun/2022 09:05:24] "[36mGET /uploads/images/16.jpg HTTP/1.1[0m" 304 -
INFO:werkzeug:127.0.0.1 - - [17/Jun/2022 09:05:31] "GET / HTTP/1.1" 200 -
INFO:werkzeug:127.0.0.1 - - [17/Jun/2022 09:05:31] "[36mGET /static/style.css HTTP/1.1[0m" 304 -
INFO:werkzeug:127.0.0.1 - - [17/Jun/2022 09:05:35] "GET /post HTTP/1.1" 200 -
INFO:werkzeug:127.0.0.1 - - [17/Jun/2022 09:05:35] "[36mGET /static/style.css HTTP/1.1[0m" 304 -
INFO:werkzeug:127.0.0.1 - - [17/Jun/2022 09:05:36] "GET / HTTP/1.1" 200 -
INFO:werkzeug:127.0.0.1 - - [17/Jun/2022 09:05:36] "[36mGET /static/style.css HTTP/1.1[0m" 304 -
INFO:werkzeug:127.0.0.1 - - [17/Jun/2022 09:05:37] "GET /post HTTP/1.1" 200 -
INFO:werkzeug:127.0.0.1 - - [17/Jun/2022 09:05:37] "[36mGET /static/style.css HTTP/1.1[0m" 304 -
INFO:root:–ó–∞–≥—Ä—É–∂–∞–µ–º—ã–π —Ñ–∞–π–ª –Ω–µ –∫–∞—Ä—Ç–∏–Ω–∫–∞
INFO:werkzeug:127.0.0.1 - - [17/Jun/2022 09:05:51] "POST /post HTTP/1.1" 200 -
INFO:werkzeug:127.0.0.1 - - [17/Jun/2022 09:05:53] "GET /post HTTP/1.1" 200 -
INFO:werkzeug:127.0.0.1 - - [17/Jun/2022 09:06:43] "POST /post HTTP/1.1" 200 -
INFO:werkzeug:127.0.0.1 - - [17/Jun/2022 09:06:45] "GET /post HTTP/1.1" 200 -
INFO:werkzeug:127.0.0.1 - - [17/Jun/2022 09:07:43] "POST /post HTTP/1.1" 200 -
INFO:werkzeug:127.0.0.1 - - [17/Jun/2022 09:07:43] "[36mGET /static/style.css HTTP/1.1[0m" 304 -
INFO:werkzeug:127.0.0.1 - - [17/Jun/2022 09:07:43] "GET /uploads/images/rc.jpg HTTP/1.1" 200 -
INFO:werkzeug:127.0.0.1 - - [17/Jun/2022 09:07:48] "GET / HTTP/1.1" 200 -
INFO:werkzeug:127.0.0.1 - - [17/Jun/2022 09:07:48] "[36mGET /static/style.css HTTP/1.1[0m" 304 -
INFO:root:–ü–æ–∏—Å–∫ –ø–æ—Å—Ç–æ–≤
INFO:werkzeug:127.0.0.1 - - [17/Jun/2022 09:07:49] "GET /search/?s= HTTP/1.1" 200 -
INFO:werkzeug:127.0.0.1 - - [17/Jun/2022 09:07:49] "[36mGET /static/style.css HTTP/1.1[0m" 304 -
INFO:werkzeug:127.0.0.1 - - [17/Jun/2022 09:07:49] "[36mGET /uploads/images/148.jpg HTTP/1.1[0m" 304 -
INFO:werkzeug:127.0.0.1 - - [17/Jun/2022 09:07:49] "[36mGET /uploads/images/16.jpg HTTP/1.1[0m" 304 -
INFO:werkzeug:127.0.0.1 - - [17/Jun/2022 09:07:49] "[36mGET /uploads/images/rc.jpg HTTP/1.1[0m" 304 -
INFO:werkzeug: * Running on http://127.0.0.1:5000 (Press CTRL+C to quit)
